<?xml version="1.0" encoding="UTF-8"?>
<testsuite name="com.example.project.TestDay4" tests="4" skipped="0" failures="0" errors="0" timestamp="2024-12-18T16:26:24" hostname="codespaces-35a7c0" time="0.092">
  <properties/>
  <testcase name="testSimulateRaceLongerDuration()" classname="com.example.project.TestDay4" time="0.074"/>
  <testcase name="testSimulateSecondRunning()" classname="com.example.project.TestDay4" time="0.001"/>
  <testcase name="testReindeerCreation()" classname="com.example.project.TestDay4" time="0.001"/>
  <testcase name="testSimulateRaceWithHardcodedReindeers()" classname="com.example.project.TestDay4" time="0.002"/>
  <system-out><![CDATA[Dasher traveled 7200
Dancer traveled 6960
Prancer traveled 6020
Dasher traveled 800
Dancer traveled 840
Prancer traveled 990
]]></system-out>
  <system-err><![CDATA[]]></system-err>
</testsuite>
